<?xml version="1.0" encoding="UTF-8"?>
<testsuite name="throne.orchestration.common.util.ThroneUtilTest" tests="1" skipped="0" failures="0" errors="0" timestamp="2019-05-01T15:43:27" hostname="burak" time="0.002">
  <properties/>
  <testcase name="read" classname="throne.orchestration.common.util.ThroneUtilTest" time="0.002"/>
  <system-out><![CDATA[]]></system-out>
  <system-err><![CDATA[]]></system-err>
</testsuite>
