<?xml version="1.0" encoding="UTF-8"?>
<testsuite name="com.feeder.kafka.KafkaFeederTest" tests="1" skipped="0" failures="0" errors="0" timestamp="2019-05-01T18:13:39" hostname="burak" time="0.039">
  <properties/>
  <testcase name="feederCountTest" classname="com.feeder.kafka.KafkaFeederTest" time="0.039"/>
  <system-out><![CDATA[]]></system-out>
  <system-err><![CDATA[]]></system-err>
</testsuite>
